Magneto 1.4 4/24/2020
Input .csv file? icm_20948_cal_acc.csv
  0  -1416   6632  15360
  1  -1336   6728  15560
  2  -1448   6664  15424
  3  -1312   6808  15584
  4  -1320   6712  15432
  5  -1192   6856  15544
  6  -1408   6712  15528
  7  -1336   6472  15504
  8  -1024   7136  17088
  9  -1096   6752  15208
 10  -1512   6136  16120
 11   -888   6376  17064
 12  -3224   7096  15200
 13    120   4600  17368
 14   1464   7920  14576
 15   -120   5448  16896
 16    200   3568  14392
 17    640    280  17768
 18   5024   -344  14864
 19   1960  -3248  16736
 20   3368  -6256  19672
 21   3552  -7136  14536
 22   2320  -8752  14552
 23   1320 -11344  12056
 24    904 -12960   9816
 25    720 -14632   7368
 26    880 -15672   4424
 27   1336 -17368   2392
 28    480 -15776  -2072
 29   1520 -15152  -4976
 30   1752 -14952  -7664
 31   1416 -11416 -11176
 32   1840 -10976 -11864
 33   1136  -8112 -14776
 34    448  -5856 -14824
 35   -728  -3512 -14624
 36  -1736  -3072 -16456
 37  -1352  -1248 -15384
 38    432    -88 -17288
 39  -3064   1968 -14752
 40   -912   5792 -15752
 41   -416   4472 -13976
 42   9752   2392 -10888
 43  13920   4864  -8296
 44  14216   3416 -10192
 45  16128   1008  -1048
 46  16352  -1000   4560
 47  14392  -3408   7968
 48  11048  -6032   7592
 49   9080  -9736   9392
 50   5928 -10736  10944
 51   2632 -11896  11472
 52  -1176 -13848  11440
 53  -4016 -12280  10128
 54  -4400 -13608   9104
 55  -6000 -14328   6928
 56  -5232 -14848   3264
 57  -1696 -17256  -2104
 58  -2784 -15592  -1480
 59   3328 -14608  -5720
 60   5184 -14512  -6432
 61   7040 -13600  -5688
 62   9616 -11208  -2808
 63  13528  -8192   1160
 64  15416  -6512   7208
 65  13176    136   9184
 66  15648    488   8840
 67  16816  -1784   8360
 68  12216   -320  11752
 69   7240   1072  14768
 70   4232   1760  16376
 71   1704   5456  16752
 72  -1448   5864  16048
 73  -6176   6272  15840
 74  -9648   5352  12136
 75 -12776   6168   9120
 76 -13896   5896   7376
 77 -14624   5168   5344
 78 -19152   2720   5960
 79 -19768   1656   3248
 80 -15320   2864  -3168
 81 -14344   2240  -7872
 82 -14192    720  -9832
 83 -12536   2952  -9096
 84 -12192   2984  -9312
 85 -13344   4472  -7304
 86 -13688   4248  -7784
 87 -15656   4768  -8432
 88 -14080   6824  -6176
 89 -12960   5608  -8160
 90 -11584   7680  -7048
 91  -8440  11048  -7376
 92  -6080  15600  -4048
 93  -1752  17432  -2288
 94  -3440  17192   3376
 95   -112  15472   5904
 96   1944  14400   8536
 97    944  13336   9544
 98  -5536  10776   9800
 99  -9600   9200  11016
100 -13104   6080   6688
101 -15728   5888   3312
102 -16408   2496   1232
103 -16160   3936  -2248
104 -15432   1728  -4240
105 -14032    416  -7512
106 -12160  -3720 -10264
107  -8888  -4880  -7192
108  -5680  -8504 -12224
109  -4264 -11512 -13088
110  -3920 -15568  -5264
111  -4192 -16288   -616
112  -4488 -15344   2048
113  -3776 -15888   3656
114  -6208 -13096   7616
115  -7080 -11048  10024
116  -6560  -9896  11984
117  -6464  -7112  13656
118  -4856  -6824  13632
119  -4096  -3680  16056
120  -5472  -2440  15296
121  -6224    776  15888
122  -5776   3480  16320
123  -2792   9104  14032
124  -1480  11560  11080
125  -3128  11872   9544
126  -4376  14792   6920
127  -4640  14776   3968
128  -8576  14008    184
129 -10096  11880  -2856
130 -12576   9056  -5688
131 -13280   8240  -7248
132 -11864   2840 -10704
133  -8992   -728 -13032
134  -4256  -2896 -16392
135   -688  -4520 -15472
136   5784  -7856 -13728
137   9512  -9176 -10520
138   9768 -11872  -6456
139   7760 -14168   -840
140   8784 -11584   3552
141   7432 -12888  10680
142   1280 -10336  12960
143  -2088 -10856  12816
144  -5144  -8056  14680
145  -4288  -7216  13056
146   -968  -5616  16960
147   3312  -4648  15280
148   8736  -5448  14440
149   9104  -6696  12792
150   9104  -8760  11528
151   5184  -9560  13544
152   4576  -8320  15040
153   1864  -7024  18512
154   2648   -312  16208
155  -4640   2408  16024
156  -5312   5704  15624
157  -8160   7984  11336
158  -6832  10120  11616
159  -7040  10360   9472
160  -8344  12888   6288
161  -9416  13392   3200
162  -8032  13688   -992
163  -7712  14336  -6096
164  -6248  10952 -10152
165  -5640   8800 -12848
166  -1408   7008  -4968
167  -5056   1000 -16256
168  -2008  -4144 -15496
169  -1696  -6760 -14152
170    880 -13112 -11136
171   4048 -13952  -6240
172   4504 -15696  -1456
173   6016 -15520   2360
174   8240 -13904   3024
175   9744 -12888   1672
176  13928 -10736  -1664
177  12544  -8152  -6624
178   7552  -9536 -12504
179   3008 -11056 -11528
180     96 -11712 -11360
181  -2360 -12096 -10256
182  -5904 -12560  -9368
183  -6528 -13912  -5432
184  -8736 -12824  -5056
185  -9208 -13936  -1608
186  -8760 -13784   -968
187  -3880 -13984   2112
188  -7424 -13712   -600
189  -6128 -16360   1648
190  -4864 -16480   3160
191  -3200 -16608   3104
192  -6920 -14488  -1440
193  -3648 -15648   -848
194  -2240 -16504    944
195  -9080 -15928   4360
196   -600 -16816   3088
197   -880 -17168   3576
198   -864 -15248   2016
199  -1496 -17200  -1408
200   -752 -15536  -5312
201  -2336 -12720 -10656
202   1512 -12280 -10888
203      0 -10112 -11896
204  -1112  -9584 -12664
205  -3768  -9520 -11536
206  -7776 -11488  -9848
207 -10088 -11480  -6184
208 -11752 -10912  -4200
209 -12352 -10496  -1544
210 -12848  -9184   1136
211 -12976  -7072   6424
212  -8504  -3712  13272
213  -7312    832  14712
214  -6280   5048  14616
215  -6168   7608  14720
216  -3144   8840  14208
217   3200   9128  11544
218   5424   9928  13304
219   7944   9376  11096
220  10088   9032  11448
221  10064  11144   6904
222  18528  12048   -992
223  11768  11000  -1776
224  11088  11608  -5152
225   7624  13984  -5104
226   5176  13584  -5064
227   8952  12656  -4360
228   6976  14248  -2712
229   7752  14440    680
230   6640  13056  -1976
231   8376  13768   8632
232   5136  15360   1080
233   5704  15352   1736
234   3704  15832   2048
235   1488  16856   4760
236    768  15504   4112
237   -200  13704   6048
238  -4624  10912  12008
239  -4656   8848  12856
240  -6080   7280  14952
241  -5576   5568  15592
242  -6680   3200  17256
243  -3168  -3152  16584
244  -3112  -5072  15384
245  -2080  -5840  15800
246     16  -8560  15272
247   1272  -9184  14088
248   2288 -11944  11624
249   4656 -13072   8624
250   4040 -15096   5512
251   5936 -15792   -504
252   6480 -14312  -3832
253   8192 -12576  -5544
254  10112 -10032  -8400
255   9488  -6224 -11656
256  11080    560 -14128
257   1536  -1216 -16376
258  -6104   1824 -15376
259  -7232   2704 -12112
260 -11904   1304  -9448
261 -15504   2168  -6712
262 -16328    744  -3448
263 -16672   -256      0
264 -16800  -1456   2432
265 -14912  -1576   5944
266 -12504  -4672   7576
267 -12000  -7504   8512
268 -10888  -9528   8416
269  -4880 -12600   8240
270  -1304 -15816   4200
271   -280 -16640   1160
272   -640 -16272  -1800
273  -2816 -15160  -3376
274  -3568 -12048  -9680
275  -3512  -8992 -12872
276  -5688  -6904 -13488
277  -4528  -7512 -14264
278  -7768  -5496 -12768
279  -8984  -5096 -13192
280  -9376  -4080 -13216
281  -8752  -3312 -12960
282  -7224  -3088 -12424
283  -6416  -4672 -14368
284  -5000  -5304 -14072
285  -4304  -6464 -14472
286  -3480  -7592 -14544
287  -2144  -5616 -14600
288  -1960  -6080 -15552
289  -2480  -4192 -15512
290  -1880  -2408 -15064
291  -3400   1280 -16264
292  -3048   1488 -16176
293  -3384   4984 -13880
294  -5040   7104 -13712
295  -5392   7712 -13112
296  -6080   9960 -10808
297  -9008  10912 -10080
298 -13584   8608  -4488
299 -15472   4296  -1664

Average magnitude (default Hm) and sigma of 300 vectors = 16604.0, 1068.5

Reject outliers? (0 or d, reject if > d*sigma from mean) 2
Rejection level selected:  2.0

Rejecting measurements if abs(vector_length-average)/(std. dev.) >   2.0
reject #20,   3368.0  -6256.0  19672.0
reject #67,  16816.0  -1784.0   8360.0
reject #78, -19152.0   2720.0   5960.0
reject #79, -19768.0   1656.0   3248.0
reject #107,  -8888.0  -4880.0  -7192.0
reject #153,   1864.0  -7024.0  18512.0
reject #166,  -1408.0   7008.0  -4968.0
reject #195,  -9080.0 -15928.0   4360.0
reject #222,  18528.0  12048.0   -992.0
reject #242,  -6680.0   3200.0  17256.0
reject #259,  -7232.0   2704.0 -12112.0

Number of measurements to be rejected: 11, accepted: 289

289 measurements processed, expected 289

Expected norm of local field vector Hm? (Enter 0 for default  16604.0) 0

Set Hm =  16604.0

Combined bias vector B:
   79.60   -18.56   383.31

Correction matrix Ainv, using Hm= 16604.0:
  1.00847   0.00470  -0.00428
  0.00470   1.00846  -0.00328
 -0.00428  -0.00328   0.99559

Where Hcalc = Ainv*(H-B)

Code initialization statements...

 float B[3]
 {   79.60,  -18.56,  383.31};

 float Ainv[3][3]
  {{  1.00847,  0.00470, -0.00428},
  {  0.00470,  1.00846, -0.00328},
  { -0.00428, -0.00328,  0.99559}};